<?xml version="1.0" encoding="UTF-8"?><testrun name="BoardTest" project="ps2-minesweeper" tests="9" started="9" failures="2" errors="0" ignored="0">
  <testsuite name="minesweeper.BoardTest" time="0.001">
    <testcase name="testBoardDig" classname="minesweeper.BoardTest" time="0.0"/>
    <testcase name="testBoardDigBomb" classname="minesweeper.BoardTest" time="0.0"/>
    <testcase name="testBoardLook" classname="minesweeper.BoardTest" time="0.0"/>
    <testcase name="testBoardDigBombClear" classname="minesweeper.BoardTest" time="0.0">
      <failure>
        <expected>- - - -
- - - -
- 2 1 1
- 1    
</expected>
        <actual>- - - -
- 3 2 1
- 2    
- 2    
</actual>org.junit.ComparisonFailure: expect all spaces at bottom quad expected:&lt;- - - -
- [- - -
- 2 1 1
- 1]    
&gt; but was:&lt;- - - -
- [3 2 1
- 2    
- 2]    
&gt;
	at org.junit.Assert.assertEquals(Assert.java:115)
	at minesweeper.BoardTest.testBoardDigBombClear(BoardTest.java:184)
	at sun.reflect.NativeMethodAccessorImpl.invoke0(Native Method)
	at sun.reflect.NativeMethodAccessorImpl.invoke(NativeMethodAccessorImpl.java:62)
	at sun.reflect.DelegatingMethodAccessorImpl.invoke(DelegatingMethodAccessorImpl.java:43)
	at java.lang.reflect.Method.invoke(Method.java:498)
	at org.junit.runners.model.FrameworkMethod$1.runReflectiveCall(FrameworkMethod.java:50)
	at org.junit.internal.runners.model.ReflectiveCallable.run(ReflectiveCallable.java:12)
	at org.junit.runners.model.FrameworkMethod.invokeExplosively(FrameworkMethod.java:47)
	at org.junit.internal.runners.statements.InvokeMethod.evaluate(InvokeMethod.java:17)
	at org.junit.runners.ParentRunner.runLeaf(ParentRunner.java:325)
	at org.junit.runners.BlockJUnit4ClassRunner.runChild(BlockJUnit4ClassRunner.java:78)
	at org.junit.runners.BlockJUnit4ClassRunner.runChild(BlockJUnit4ClassRunner.java:57)
	at org.junit.runners.ParentRunner$3.run(ParentRunner.java:290)
	at org.junit.runners.ParentRunner$1.schedule(ParentRunner.java:71)
	at org.junit.runners.ParentRunner.runChildren(ParentRunner.java:288)
	at org.junit.runners.ParentRunner.access$000(ParentRunner.java:58)
	at org.junit.runners.ParentRunner$2.evaluate(ParentRunner.java:268)
	at org.junit.runners.ParentRunner.run(ParentRunner.java:363)
	at org.eclipse.jdt.internal.junit4.runner.JUnit4TestReference.run(JUnit4TestReference.java:86)
	at org.eclipse.jdt.internal.junit.runner.TestExecution.run(TestExecution.java:38)
	at org.eclipse.jdt.internal.junit.runner.RemoteTestRunner.runTests(RemoteTestRunner.java:459)
	at org.eclipse.jdt.internal.junit.runner.RemoteTestRunner.runTests(RemoteTestRunner.java:678)
	at org.eclipse.jdt.internal.junit.runner.RemoteTestRunner.run(RemoteTestRunner.java:382)
	at org.eclipse.jdt.internal.junit.runner.RemoteTestRunner.main(RemoteTestRunner.java:192)

</failure>
    </testcase>
    <testcase name="testNewBaord1" classname="minesweeper.BoardTest" time="0.0"/>
    <testcase name="testNewBaord2" classname="minesweeper.BoardTest" time="0.0"/>
    <testcase name="testNewBaord3" classname="minesweeper.BoardTest" time="0.0"/>
    <testcase name="testAssertionsEnabled" classname="minesweeper.BoardTest" time="0.0"/>
    <testcase name="testBoardDigBombClear2" classname="minesweeper.BoardTest" time="0.001">
      <failure>
        <expected>- - - -
- 3 2 1
- 2    
- 2    
</expected>
        <actual>- - - -
- - - -
- 2 1 1
- 1    
</actual>org.junit.ComparisonFailure: expected boards to match expected:&lt;- - - -
- [3 2 1
- 2    
- 2]    
&gt; but was:&lt;- - - -
- [- - -
- 2 1 1
- 1]    
&gt;
	at org.junit.Assert.assertEquals(Assert.java:115)
	at minesweeper.BoardTest.testBoardDigBombClear2(BoardTest.java:196)
	at sun.reflect.NativeMethodAccessorImpl.invoke0(Native Method)
	at sun.reflect.NativeMethodAccessorImpl.invoke(NativeMethodAccessorImpl.java:62)
	at sun.reflect.DelegatingMethodAccessorImpl.invoke(DelegatingMethodAccessorImpl.java:43)
	at java.lang.reflect.Method.invoke(Method.java:498)
	at org.junit.runners.model.FrameworkMethod$1.runReflectiveCall(FrameworkMethod.java:50)
	at org.junit.internal.runners.model.ReflectiveCallable.run(ReflectiveCallable.java:12)
	at org.junit.runners.model.FrameworkMethod.invokeExplosively(FrameworkMethod.java:47)
	at org.junit.internal.runners.statements.InvokeMethod.evaluate(InvokeMethod.java:17)
	at org.junit.runners.ParentRunner.runLeaf(ParentRunner.java:325)
	at org.junit.runners.BlockJUnit4ClassRunner.runChild(BlockJUnit4ClassRunner.java:78)
	at org.junit.runners.BlockJUnit4ClassRunner.runChild(BlockJUnit4ClassRunner.java:57)
	at org.junit.runners.ParentRunner$3.run(ParentRunner.java:290)
	at org.junit.runners.ParentRunner$1.schedule(ParentRunner.java:71)
	at org.junit.runners.ParentRunner.runChildren(ParentRunner.java:288)
	at org.junit.runners.ParentRunner.access$000(ParentRunner.java:58)
	at org.junit.runners.ParentRunner$2.evaluate(ParentRunner.java:268)
	at org.junit.runners.ParentRunner.run(ParentRunner.java:363)
	at org.eclipse.jdt.internal.junit4.runner.JUnit4TestReference.run(JUnit4TestReference.java:86)
	at org.eclipse.jdt.internal.junit.runner.TestExecution.run(TestExecution.java:38)
	at org.eclipse.jdt.internal.junit.runner.RemoteTestRunner.runTests(RemoteTestRunner.java:459)
	at org.eclipse.jdt.internal.junit.runner.RemoteTestRunner.runTests(RemoteTestRunner.java:678)
	at org.eclipse.jdt.internal.junit.runner.RemoteTestRunner.run(RemoteTestRunner.java:382)
	at org.eclipse.jdt.internal.junit.runner.RemoteTestRunner.main(RemoteTestRunner.java:192)

</failure>
    </testcase>
  </testsuite>
</testrun>
