<?xml version="1.0" encoding="UTF-8" ?>
<testsuite errors="0" failures="0" hostname="Normans-MBP-3" name="warmup.staff.QuadraticTest" skipped="0" tests="3" time="0.062" timestamp="2016-10-23T01:50:34">
  <properties>
[...]
</properties>
  <testcase classname="warmup.staff.QuadraticTest" name="testRealRoots" time="0.001" />
  <testcase classname="warmup.staff.QuadraticTest" name="testComplexRoots" time="0.0" />
  <testcase classname="warmup.staff.QuadraticTest" name="testOneDegenerateRoot" time="0.0" />
  <system-out><![CDATA[]]></system-out>
  <system-err><![CDATA[]]></system-err>
</testsuite>
