<?xml version="1.0" encoding="UTF-8" ?>
<testsuite errors="0" failures="0" hostname="Normans-MBP" name="expressivo.grader.ExpressionTest" skipped="0" tests="27" time="0.496" timestamp="2017-03-21T19:16:30">
  <properties>
[...]
</properties>
  <testcase classname="expressivo.grader.ExpressionTest" name="testHashCode[same one variable]" time="0.066" />
  <testcase classname="expressivo.grader.ExpressionTest" name="testEquals[same one variable]" time="0.027" />
  <testcase classname="expressivo.grader.ExpressionTest" name="testToStringConsistent[same one variable]" time="0.021" />
  <testcase classname="expressivo.grader.ExpressionTest" name="testHashCode[same one operator]" time="0.023" />
  <testcase classname="expressivo.grader.ExpressionTest" name="testEquals[same one operator]" time="0.016" />
  <testcase classname="expressivo.grader.ExpressionTest" name="testToStringConsistent[same one operator]" time="0.011" />
  <testcase classname="expressivo.grader.ExpressionTest" name="testHashCode[same expression with numbers/variables/operators]" time="0.015" />
  <testcase classname="expressivo.grader.ExpressionTest" name="testEquals[same expression with numbers/variables/operators]" time="0.011" />
  <testcase classname="expressivo.grader.ExpressionTest" name="testToStringConsistent[same expression with numbers/variables/operators]" time="0.015" />
  <testcase classname="expressivo.grader.ExpressionTest" name="testHashCode[var and same var parenthesized]" time="0.012" />
  <testcase classname="expressivo.grader.ExpressionTest" name="testEquals[var and same var parenthesized]" time="0.011" />
  <testcase classname="expressivo.grader.ExpressionTest" name="testToStringConsistent[var and same var parenthesized]" time="0.01" />
  <testcase classname="expressivo.grader.ExpressionTest" name="testHashCode[one operator and same operator parenthesized]" time="0.013" />
  <testcase classname="expressivo.grader.ExpressionTest" name="testEquals[one operator and same operator parenthesized]" time="0.01" />
  <testcase classname="expressivo.grader.ExpressionTest" name="testToStringConsistent[one operator and same operator parenthesized]" time="0.01" />
  <testcase classname="expressivo.grader.ExpressionTest" name="testHashCode[* + * same as (*)+(*)]" time="0.011" />
  <testcase classname="expressivo.grader.ExpressionTest" name="testEquals[* + * same as (*)+(*)]" time="0.01" />
  <testcase classname="expressivo.grader.ExpressionTest" name="testToStringConsistent[* + * same as (*)+(*)]" time="0.012" />
  <testcase classname="expressivo.grader.ExpressionTest" name="testHashCode[((*)+)* different from * + *]" time="0.009" />
  <testcase classname="expressivo.grader.ExpressionTest" name="testEquals[((*)+)* different from * + *]" time="0.01" />
  <testcase classname="expressivo.grader.ExpressionTest" name="testToStringConsistent[((*)+)* different from * + *]" time="0.009" />
  <testcase classname="expressivo.grader.ExpressionTest" name="testHashCode[+ not commutative under structual equality]" time="0.012" />
  <testcase classname="expressivo.grader.ExpressionTest" name="testEquals[+ not commutative under structual equality]" time="0.015" />
  <testcase classname="expressivo.grader.ExpressionTest" name="testToStringConsistent[+ not commutative under structual equality]" time="0.017" />
  <testcase classname="expressivo.grader.ExpressionTest" name="testHashCode[* not commutative under structual equality]" time="0.018" />
  <testcase classname="expressivo.grader.ExpressionTest" name="testEquals[* not commutative under structual equality]" time="0.018" />
  <testcase classname="expressivo.grader.ExpressionTest" name="testToStringConsistent[* not commutative under structual equality]" time="0.009" />
  <system-out><![CDATA[ROOT:"z"{EXPRESSION:"z"{SUM:"z"{MULTIPLY:"z"{PRIMITIVE:"z"{VARIABLE:"z"}}}}}
ROOT:"z"{EXPRESSION:"z"{SUM:"z"{MULTIPLY:"z"{PRIMITIVE:"z"{VARIABLE:"z"}}}}}
ROOT:"z"{EXPRESSION:"z"{SUM:"z"{MULTIPLY:"z"{PRIMITIVE:"z"{VARIABLE:"z"}}}}}
ROOT:"z"{EXPRESSION:"z"{SUM:"z"{MULTIPLY:"z"{PRIMITIVE:"z"{VARIABLE:"z"}}}}}
ROOT:"z"{EXPRESSION:"z"{SUM:"z"{MULTIPLY:"z"{PRIMITIVE:"z"{VARIABLE:"z"}}}}}
ROOT:"z"{EXPRESSION:"z"{SUM:"z"{MULTIPLY:"z"{PRIMITIVE:"z"{VARIABLE:"z"}}}}}
ROOT:"q + w"{EXPRESSION:"q + w"{SUM:"q + w"{MULTIPLY:"q "{PRIMITIVE:"q "{VARIABLE:"q",WHITESPACE:" "}},WHITESPACE:" ",MULTIPLY:"w"{PRIMITIVE:"w"{VARIABLE:"w"}}}}}
ROOT:"q + w"{EXPRESSION:"q + w"{SUM:"q + w"{MULTIPLY:"q "{PRIMITIVE:"q "{VARIABLE:"q",WHITESPACE:" "}},WHITESPACE:" ",MULTIPLY:"w"{PRIMITIVE:"w"{VARIABLE:"w"}}}}}
ROOT:"q + w"{EXPRESSION:"q + w"{SUM:"q + w"{MULTIPLY:"q "{PRIMITIVE:"q "{VARIABLE:"q",WHITESPACE:" "}},WHITESPACE:" ",MULTIPLY:"w"{PRIMITIVE:"w"{VARIABLE:"w"}}}}}
ROOT:"q + w"{EXPRESSION:"q + w"{SUM:"q + w"{MULTIPLY:"q "{PRIMITIVE:"q "{VARIABLE:"q",WHITESPACE:" "}},WHITESPACE:" ",MULTIPLY:"w"{PRIMITIVE:"w"{VARIABLE:"w"}}}}}
ROOT:"q + w"{EXPRESSION:"q + w"{SUM:"q + w"{MULTIPLY:"q "{PRIMITIVE:"q "{VARIABLE:"q",WHITESPACE:" "}},WHITESPACE:" ",MULTIPLY:"w"{PRIMITIVE:"w"{VARIABLE:"w"}}}}}
ROOT:"q + w"{EXPRESSION:"q + w"{SUM:"q + w"{MULTIPLY:"q "{PRIMITIVE:"q "{VARIABLE:"q",WHITESPACE:" "}},WHITESPACE:" ",MULTIPLY:"w"{PRIMITIVE:"w"{VARIABLE:"w"}}}}}
ROOT:"7.2 * (x * y + 9 * foo)"{EXPRESSION:"7.2 * (x * y + 9 * foo)"{SUM:"7.2 * (x * y + 9 * foo)"{MULTIPLY:"7.2 * (x * y + 9 * foo)"{PRIMITIVE:"7.2 "{NUMBER:"7.2",WHITESPACE:" "},WHITESPACE:" ",PRIMITIVE:"(x * y + 9 * foo)"{EXPRESSION:"x * y + 9 * foo"{SUM:"x * y + 9 * foo"{MULTIPLY:"x * y "{PRIMITIVE:"x "{VARIABLE:"x",WHITESPACE:" "},WHITESPACE:" ",PRIMITIVE:"y "{VARIABLE:"y",WHITESPACE:" "}},WHITESPACE:" ",MULTIPLY:"9 * foo"{PRIMITIVE:"9 "{NUMBER:"9",WHITESPACE:" "},WHITESPACE:" ",PRIMITIVE:"foo"{VARIABLE:"foo"}}}}}}}}}
ROOT:"7.2 * (x * y + 9 * foo)"{EXPRESSION:"7.2 * (x * y + 9 * foo)"{SUM:"7.2 * (x * y + 9 * foo)"{MULTIPLY:"7.2 * (x * y + 9 * foo)"{PRIMITIVE:"7.2 "{NUMBER:"7.2",WHITESPACE:" "},WHITESPACE:" ",PRIMITIVE:"(x * y + 9 * foo)"{EXPRESSION:"x * y + 9 * foo"{SUM:"x * y + 9 * foo"{MULTIPLY:"x * y "{PRIMITIVE:"x "{VARIABLE:"x",WHITESPACE:" "},WHITESPACE:" ",PRIMITIVE:"y "{VARIABLE:"y",WHITESPACE:" "}},WHITESPACE:" ",MULTIPLY:"9 * foo"{PRIMITIVE:"9 "{NUMBER:"9",WHITESPACE:" "},WHITESPACE:" ",PRIMITIVE:"foo"{VARIABLE:"foo"}}}}}}}}}
ROOT:"7.2 * (x * y + 9 * foo)"{EXPRESSION:"7.2 * (x * y + 9 * foo)"{SUM:"7.2 * (x * y + 9 * foo)"{MULTIPLY:"7.2 * (x * y + 9 * foo)"{PRIMITIVE:"7.2 "{NUMBER:"7.2",WHITESPACE:" "},WHITESPACE:" ",PRIMITIVE:"(x * y + 9 * foo)"{EXPRESSION:"x * y + 9 * foo"{SUM:"x * y + 9 * foo"{MULTIPLY:"x * y "{PRIMITIVE:"x "{VARIABLE:"x",WHITESPACE:" "},WHITESPACE:" ",PRIMITIVE:"y "{VARIABLE:"y",WHITESPACE:" "}},WHITESPACE:" ",MULTIPLY:"9 * foo"{PRIMITIVE:"9 "{NUMBER:"9",WHITESPACE:" "},WHITESPACE:" ",PRIMITIVE:"foo"{VARIABLE:"foo"}}}}}}}}}
ROOT:"7.2 * (x * y + 9 * foo)"{EXPRESSION:"7.2 * (x * y + 9 * foo)"{SUM:"7.2 * (x * y + 9 * foo)"{MULTIPLY:"7.2 * (x * y + 9 * foo)"{PRIMITIVE:"7.2 "{NUMBER:"7.2",WHITESPACE:" "},WHITESPACE:" ",PRIMITIVE:"(x * y + 9 * foo)"{EXPRESSION:"x * y + 9 * foo"{SUM:"x * y + 9 * foo"{MULTIPLY:"x * y "{PRIMITIVE:"x "{VARIABLE:"x",WHITESPACE:" "},WHITESPACE:" ",PRIMITIVE:"y "{VARIABLE:"y",WHITESPACE:" "}},WHITESPACE:" ",MULTIPLY:"9 * foo"{PRIMITIVE:"9 "{NUMBER:"9",WHITESPACE:" "},WHITESPACE:" ",PRIMITIVE:"foo"{VARIABLE:"foo"}}}}}}}}}
ROOT:"7.2 * (x * y + 9 * foo)"{EXPRESSION:"7.2 * (x * y + 9 * foo)"{SUM:"7.2 * (x * y + 9 * foo)"{MULTIPLY:"7.2 * (x * y + 9 * foo)"{PRIMITIVE:"7.2 "{NUMBER:"7.2",WHITESPACE:" "},WHITESPACE:" ",PRIMITIVE:"(x * y + 9 * foo)"{EXPRESSION:"x * y + 9 * foo"{SUM:"x * y + 9 * foo"{MULTIPLY:"x * y "{PRIMITIVE:"x "{VARIABLE:"x",WHITESPACE:" "},WHITESPACE:" ",PRIMITIVE:"y "{VARIABLE:"y",WHITESPACE:" "}},WHITESPACE:" ",MULTIPLY:"9 * foo"{PRIMITIVE:"9 "{NUMBER:"9",WHITESPACE:" "},WHITESPACE:" ",PRIMITIVE:"foo"{VARIABLE:"foo"}}}}}}}}}
ROOT:"7.2 * (x * y + 9 * foo)"{EXPRESSION:"7.2 * (x * y + 9 * foo)"{SUM:"7.2 * (x * y + 9 * foo)"{MULTIPLY:"7.2 * (x * y + 9 * foo)"{PRIMITIVE:"7.2 "{NUMBER:"7.2",WHITESPACE:" "},WHITESPACE:" ",PRIMITIVE:"(x * y + 9 * foo)"{EXPRESSION:"x * y + 9 * foo"{SUM:"x * y + 9 * foo"{MULTIPLY:"x * y "{PRIMITIVE:"x "{VARIABLE:"x",WHITESPACE:" "},WHITESPACE:" ",PRIMITIVE:"y "{VARIABLE:"y",WHITESPACE:" "}},WHITESPACE:" ",MULTIPLY:"9 * foo"{PRIMITIVE:"9 "{NUMBER:"9",WHITESPACE:" "},WHITESPACE:" ",PRIMITIVE:"foo"{VARIABLE:"foo"}}}}}}}}}
ROOT:"x"{EXPRESSION:"x"{SUM:"x"{MULTIPLY:"x"{PRIMITIVE:"x"{VARIABLE:"x"}}}}}
ROOT:"((x))"{EXPRESSION:"((x))"{SUM:"((x))"{MULTIPLY:"((x))"{PRIMITIVE:"((x))"{EXPRESSION:"(x)"{SUM:"(x)"{MULTIPLY:"(x)"{PRIMITIVE:"(x)"{EXPRESSION:"x"{SUM:"x"{MULTIPLY:"x"{PRIMITIVE:"x"{VARIABLE:"x"}}}}}}}}}}}}}
ROOT:"x"{EXPRESSION:"x"{SUM:"x"{MULTIPLY:"x"{PRIMITIVE:"x"{VARIABLE:"x"}}}}}
ROOT:"((x))"{EXPRESSION:"((x))"{SUM:"((x))"{MULTIPLY:"((x))"{PRIMITIVE:"((x))"{EXPRESSION:"(x)"{SUM:"(x)"{MULTIPLY:"(x)"{PRIMITIVE:"(x)"{EXPRESSION:"x"{SUM:"x"{MULTIPLY:"x"{PRIMITIVE:"x"{VARIABLE:"x"}}}}}}}}}}}}}
ROOT:"x"{EXPRESSION:"x"{SUM:"x"{MULTIPLY:"x"{PRIMITIVE:"x"{VARIABLE:"x"}}}}}
ROOT:"((x))"{EXPRESSION:"((x))"{SUM:"((x))"{MULTIPLY:"((x))"{PRIMITIVE:"((x))"{EXPRESSION:"(x)"{SUM:"(x)"{MULTIPLY:"(x)"{PRIMITIVE:"(x)"{EXPRESSION:"x"{SUM:"x"{MULTIPLY:"x"{PRIMITIVE:"x"{VARIABLE:"x"}}}}}}}}}}}}}
ROOT:"x + y"{EXPRESSION:"x + y"{SUM:"x + y"{MULTIPLY:"x "{PRIMITIVE:"x "{VARIABLE:"x",WHITESPACE:" "}},WHITESPACE:" ",MULTIPLY:"y"{PRIMITIVE:"y"{VARIABLE:"y"}}}}}
ROOT:"((x + y))"{EXPRESSION:"((x + y))"{SUM:"((x + y))"{MULTIPLY:"((x + y))"{PRIMITIVE:"((x + y))"{EXPRESSION:"(x + y)"{SUM:"(x + y)"{MULTIPLY:"(x + y)"{PRIMITIVE:"(x + y)"{EXPRESSION:"x + y"{SUM:"x + y"{MULTIPLY:"x "{PRIMITIVE:"x "{VARIABLE:"x",WHITESPACE:" "}},WHITESPACE:" ",MULTIPLY:"y"{PRIMITIVE:"y"{VARIABLE:"y"}}}}}}}}}}}}}
ROOT:"x + y"{EXPRESSION:"x + y"{SUM:"x + y"{MULTIPLY:"x "{PRIMITIVE:"x "{VARIABLE:"x",WHITESPACE:" "}},WHITESPACE:" ",MULTIPLY:"y"{PRIMITIVE:"y"{VARIABLE:"y"}}}}}
ROOT:"((x + y))"{EXPRESSION:"((x + y))"{SUM:"((x + y))"{MULTIPLY:"((x + y))"{PRIMITIVE:"((x + y))"{EXPRESSION:"(x + y)"{SUM:"(x + y)"{MULTIPLY:"(x + y)"{PRIMITIVE:"(x + y)"{EXPRESSION:"x + y"{SUM:"x + y"{MULTIPLY:"x "{PRIMITIVE:"x "{VARIABLE:"x",WHITESPACE:" "}},WHITESPACE:" ",MULTIPLY:"y"{PRIMITIVE:"y"{VARIABLE:"y"}}}}}}}}}}}}}
ROOT:"x + y"{EXPRESSION:"x + y"{SUM:"x + y"{MULTIPLY:"x "{PRIMITIVE:"x "{VARIABLE:"x",WHITESPACE:" "}},WHITESPACE:" ",MULTIPLY:"y"{PRIMITIVE:"y"{VARIABLE:"y"}}}}}
ROOT:"((x + y))"{EXPRESSION:"((x + y))"{SUM:"((x + y))"{MULTIPLY:"((x + y))"{PRIMITIVE:"((x + y))"{EXPRESSION:"(x + y)"{SUM:"(x + y)"{MULTIPLY:"(x + y)"{PRIMITIVE:"(x + y)"{EXPRESSION:"x + y"{SUM:"x + y"{MULTIPLY:"x "{PRIMITIVE:"x "{VARIABLE:"x",WHITESPACE:" "}},WHITESPACE:" ",MULTIPLY:"y"{PRIMITIVE:"y"{VARIABLE:"y"}}}}}}}}}}}}}
ROOT:"(4.2 * x) + (y * 5)"{EXPRESSION:"(4.2 * x) + (y * 5)"{SUM:"(4.2 * x) + (y * 5)"{MULTIPLY:"(4.2 * x) "{PRIMITIVE:"(4.2 * x) "{EXPRESSION:"4.2 * x"{SUM:"4.2 * x"{MULTIPLY:"4.2 * x"{PRIMITIVE:"4.2 "{NUMBER:"4.2",WHITESPACE:" "},WHITESPACE:" ",PRIMITIVE:"x"{VARIABLE:"x"}}}},WHITESPACE:" "}},WHITESPACE:" ",MULTIPLY:"(y * 5)"{PRIMITIVE:"(y * 5)"{EXPRESSION:"y * 5"{SUM:"y * 5"{MULTIPLY:"y * 5"{PRIMITIVE:"y "{VARIABLE:"y",WHITESPACE:" "},WHITESPACE:" ",PRIMITIVE:"5"{NUMBER:"5"}}}}}}}}}
ROOT:"4.2 * x + y * 5"{EXPRESSION:"4.2 * x + y * 5"{SUM:"4.2 * x + y * 5"{MULTIPLY:"4.2 * x "{PRIMITIVE:"4.2 "{NUMBER:"4.2",WHITESPACE:" "},WHITESPACE:" ",PRIMITIVE:"x "{VARIABLE:"x",WHITESPACE:" "}},WHITESPACE:" ",MULTIPLY:"y * 5"{PRIMITIVE:"y "{VARIABLE:"y",WHITESPACE:" "},WHITESPACE:" ",PRIMITIVE:"5"{NUMBER:"5"}}}}}
ROOT:"(4.2 * x) + (y * 5)"{EXPRESSION:"(4.2 * x) + (y * 5)"{SUM:"(4.2 * x) + (y * 5)"{MULTIPLY:"(4.2 * x) "{PRIMITIVE:"(4.2 * x) "{EXPRESSION:"4.2 * x"{SUM:"4.2 * x"{MULTIPLY:"4.2 * x"{PRIMITIVE:"4.2 "{NUMBER:"4.2",WHITESPACE:" "},WHITESPACE:" ",PRIMITIVE:"x"{VARIABLE:"x"}}}},WHITESPACE:" "}},WHITESPACE:" ",MULTIPLY:"(y * 5)"{PRIMITIVE:"(y * 5)"{EXPRESSION:"y * 5"{SUM:"y * 5"{MULTIPLY:"y * 5"{PRIMITIVE:"y "{VARIABLE:"y",WHITESPACE:" "},WHITESPACE:" ",PRIMITIVE:"5"{NUMBER:"5"}}}}}}}}}
ROOT:"4.2 * x + y * 5"{EXPRESSION:"4.2 * x + y * 5"{SUM:"4.2 * x + y * 5"{MULTIPLY:"4.2 * x "{PRIMITIVE:"4.2 "{NUMBER:"4.2",WHITESPACE:" "},WHITESPACE:" ",PRIMITIVE:"x "{VARIABLE:"x",WHITESPACE:" "}},WHITESPACE:" ",MULTIPLY:"y * 5"{PRIMITIVE:"y "{VARIABLE:"y",WHITESPACE:" "},WHITESPACE:" ",PRIMITIVE:"5"{NUMBER:"5"}}}}}
ROOT:"(4.2 * x) + (y * 5)"{EXPRESSION:"(4.2 * x) + (y * 5)"{SUM:"(4.2 * x) + (y * 5)"{MULTIPLY:"(4.2 * x) "{PRIMITIVE:"(4.2 * x) "{EXPRESSION:"4.2 * x"{SUM:"4.2 * x"{MULTIPLY:"4.2 * x"{PRIMITIVE:"4.2 "{NUMBER:"4.2",WHITESPACE:" "},WHITESPACE:" ",PRIMITIVE:"x"{VARIABLE:"x"}}}},WHITESPACE:" "}},WHITESPACE:" ",MULTIPLY:"(y * 5)"{PRIMITIVE:"(y * 5)"{EXPRESSION:"y * 5"{SUM:"y * 5"{MULTIPLY:"y * 5"{PRIMITIVE:"y "{VARIABLE:"y",WHITESPACE:" "},WHITESPACE:" ",PRIMITIVE:"5"{NUMBER:"5"}}}}}}}}}
ROOT:"4.2 * x + y * 5"{EXPRESSION:"4.2 * x + y * 5"{SUM:"4.2 * x + y * 5"{MULTIPLY:"4.2 * x "{PRIMITIVE:"4.2 "{NUMBER:"4.2",WHITESPACE:" "},WHITESPACE:" ",PRIMITIVE:"x "{VARIABLE:"x",WHITESPACE:" "}},WHITESPACE:" ",MULTIPLY:"y * 5"{PRIMITIVE:"y "{VARIABLE:"y",WHITESPACE:" "},WHITESPACE:" ",PRIMITIVE:"5"{NUMBER:"5"}}}}}
ROOT:"((3 * 5) + 7) * 2"{EXPRESSION:"((3 * 5) + 7) * 2"{SUM:"((3 * 5) + 7) * 2"{MULTIPLY:"((3 * 5) + 7) * 2"{PRIMITIVE:"((3 * 5) + 7) "{EXPRESSION:"(3 * 5) + 7"{SUM:"(3 * 5) + 7"{MULTIPLY:"(3 * 5) "{PRIMITIVE:"(3 * 5) "{EXPRESSION:"3 * 5"{SUM:"3 * 5"{MULTIPLY:"3 * 5"{PRIMITIVE:"3 "{NUMBER:"3",WHITESPACE:" "},WHITESPACE:" ",PRIMITIVE:"5"{NUMBER:"5"}}}},WHITESPACE:" "}},WHITESPACE:" ",MULTIPLY:"7"{PRIMITIVE:"7"{NUMBER:"7"}}}},WHITESPACE:" "},WHITESPACE:" ",PRIMITIVE:"2"{NUMBER:"2"}}}}}
ROOT:"3 * 5 + 7 * 2"{EXPRESSION:"3 * 5 + 7 * 2"{SUM:"3 * 5 + 7 * 2"{MULTIPLY:"3 * 5 "{PRIMITIVE:"3 "{NUMBER:"3",WHITESPACE:" "},WHITESPACE:" ",PRIMITIVE:"5 "{NUMBER:"5",WHITESPACE:" "}},WHITESPACE:" ",MULTIPLY:"7 * 2"{PRIMITIVE:"7 "{NUMBER:"7",WHITESPACE:" "},WHITESPACE:" ",PRIMITIVE:"2"{NUMBER:"2"}}}}}
ROOT:"((3 * 5) + 7) * 2"{EXPRESSION:"((3 * 5) + 7) * 2"{SUM:"((3 * 5) + 7) * 2"{MULTIPLY:"((3 * 5) + 7) * 2"{PRIMITIVE:"((3 * 5) + 7) "{EXPRESSION:"(3 * 5) + 7"{SUM:"(3 * 5) + 7"{MULTIPLY:"(3 * 5) "{PRIMITIVE:"(3 * 5) "{EXPRESSION:"3 * 5"{SUM:"3 * 5"{MULTIPLY:"3 * 5"{PRIMITIVE:"3 "{NUMBER:"3",WHITESPACE:" "},WHITESPACE:" ",PRIMITIVE:"5"{NUMBER:"5"}}}},WHITESPACE:" "}},WHITESPACE:" ",MULTIPLY:"7"{PRIMITIVE:"7"{NUMBER:"7"}}}},WHITESPACE:" "},WHITESPACE:" ",PRIMITIVE:"2"{NUMBER:"2"}}}}}
ROOT:"3 * 5 + 7 * 2"{EXPRESSION:"3 * 5 + 7 * 2"{SUM:"3 * 5 + 7 * 2"{MULTIPLY:"3 * 5 "{PRIMITIVE:"3 "{NUMBER:"3",WHITESPACE:" "},WHITESPACE:" ",PRIMITIVE:"5 "{NUMBER:"5",WHITESPACE:" "}},WHITESPACE:" ",MULTIPLY:"7 * 2"{PRIMITIVE:"7 "{NUMBER:"7",WHITESPACE:" "},WHITESPACE:" ",PRIMITIVE:"2"{NUMBER:"2"}}}}}
ROOT:"((3 * 5) + 7) * 2"{EXPRESSION:"((3 * 5) + 7) * 2"{SUM:"((3 * 5) + 7) * 2"{MULTIPLY:"((3 * 5) + 7) * 2"{PRIMITIVE:"((3 * 5) + 7) "{EXPRESSION:"(3 * 5) + 7"{SUM:"(3 * 5) + 7"{MULTIPLY:"(3 * 5) "{PRIMITIVE:"(3 * 5) "{EXPRESSION:"3 * 5"{SUM:"3 * 5"{MULTIPLY:"3 * 5"{PRIMITIVE:"3 "{NUMBER:"3",WHITESPACE:" "},WHITESPACE:" ",PRIMITIVE:"5"{NUMBER:"5"}}}},WHITESPACE:" "}},WHITESPACE:" ",MULTIPLY:"7"{PRIMITIVE:"7"{NUMBER:"7"}}}},WHITESPACE:" "},WHITESPACE:" ",PRIMITIVE:"2"{NUMBER:"2"}}}}}
ROOT:"3 * 5 + 7 * 2"{EXPRESSION:"3 * 5 + 7 * 2"{SUM:"3 * 5 + 7 * 2"{MULTIPLY:"3 * 5 "{PRIMITIVE:"3 "{NUMBER:"3",WHITESPACE:" "},WHITESPACE:" ",PRIMITIVE:"5 "{NUMBER:"5",WHITESPACE:" "}},WHITESPACE:" ",MULTIPLY:"7 * 2"{PRIMITIVE:"7 "{NUMBER:"7",WHITESPACE:" "},WHITESPACE:" ",PRIMITIVE:"2"{NUMBER:"2"}}}}}
ROOT:"x + y"{EXPRESSION:"x + y"{SUM:"x + y"{MULTIPLY:"x "{PRIMITIVE:"x "{VARIABLE:"x",WHITESPACE:" "}},WHITESPACE:" ",MULTIPLY:"y"{PRIMITIVE:"y"{VARIABLE:"y"}}}}}
ROOT:"y + x"{EXPRESSION:"y + x"{SUM:"y + x"{MULTIPLY:"y "{PRIMITIVE:"y "{VARIABLE:"y",WHITESPACE:" "}},WHITESPACE:" ",MULTIPLY:"x"{PRIMITIVE:"x"{VARIABLE:"x"}}}}}
ROOT:"x + y"{EXPRESSION:"x + y"{SUM:"x + y"{MULTIPLY:"x "{PRIMITIVE:"x "{VARIABLE:"x",WHITESPACE:" "}},WHITESPACE:" ",MULTIPLY:"y"{PRIMITIVE:"y"{VARIABLE:"y"}}}}}
ROOT:"y + x"{EXPRESSION:"y + x"{SUM:"y + x"{MULTIPLY:"y "{PRIMITIVE:"y "{VARIABLE:"y",WHITESPACE:" "}},WHITESPACE:" ",MULTIPLY:"x"{PRIMITIVE:"x"{VARIABLE:"x"}}}}}
ROOT:"x + y"{EXPRESSION:"x + y"{SUM:"x + y"{MULTIPLY:"x "{PRIMITIVE:"x "{VARIABLE:"x",WHITESPACE:" "}},WHITESPACE:" ",MULTIPLY:"y"{PRIMITIVE:"y"{VARIABLE:"y"}}}}}
ROOT:"y + x"{EXPRESSION:"y + x"{SUM:"y + x"{MULTIPLY:"y "{PRIMITIVE:"y "{VARIABLE:"y",WHITESPACE:" "}},WHITESPACE:" ",MULTIPLY:"x"{PRIMITIVE:"x"{VARIABLE:"x"}}}}}
ROOT:"(x + y) * (z + foo)"{EXPRESSION:"(x + y) * (z + foo)"{SUM:"(x + y) * (z + foo)"{MULTIPLY:"(x + y) * (z + foo)"{PRIMITIVE:"(x + y) "{EXPRESSION:"x + y"{SUM:"x + y"{MULTIPLY:"x "{PRIMITIVE:"x "{VARIABLE:"x",WHITESPACE:" "}},WHITESPACE:" ",MULTIPLY:"y"{PRIMITIVE:"y"{VARIABLE:"y"}}}},WHITESPACE:" "},WHITESPACE:" ",PRIMITIVE:"(z + foo)"{EXPRESSION:"z + foo"{SUM:"z + foo"{MULTIPLY:"z "{PRIMITIVE:"z "{VARIABLE:"z",WHITESPACE:" "}},WHITESPACE:" ",MULTIPLY:"foo"{PRIMITIVE:"foo"{VARIABLE:"foo"}}}}}}}}}
ROOT:"(z + foo) * (x + y)"{EXPRESSION:"(z + foo) * (x + y)"{SUM:"(z + foo) * (x + y)"{MULTIPLY:"(z + foo) * (x + y)"{PRIMITIVE:"(z + foo) "{EXPRESSION:"z + foo"{SUM:"z + foo"{MULTIPLY:"z "{PRIMITIVE:"z "{VARIABLE:"z",WHITESPACE:" "}},WHITESPACE:" ",MULTIPLY:"foo"{PRIMITIVE:"foo"{VARIABLE:"foo"}}}},WHITESPACE:" "},WHITESPACE:" ",PRIMITIVE:"(x + y)"{EXPRESSION:"x + y"{SUM:"x + y"{MULTIPLY:"x "{PRIMITIVE:"x "{VARIABLE:"x",WHITESPACE:" "}},WHITESPACE:" ",MULTIPLY:"y"{PRIMITIVE:"y"{VARIABLE:"y"}}}}}}}}}
ROOT:"(x + y) * (z + foo)"{EXPRESSION:"(x + y) * (z + foo)"{SUM:"(x + y) * (z + foo)"{MULTIPLY:"(x + y) * (z + foo)"{PRIMITIVE:"(x + y) "{EXPRESSION:"x + y"{SUM:"x + y"{MULTIPLY:"x "{PRIMITIVE:"x "{VARIABLE:"x",WHITESPACE:" "}},WHITESPACE:" ",MULTIPLY:"y"{PRIMITIVE:"y"{VARIABLE:"y"}}}},WHITESPACE:" "},WHITESPACE:" ",PRIMITIVE:"(z + foo)"{EXPRESSION:"z + foo"{SUM:"z + foo"{MULTIPLY:"z "{PRIMITIVE:"z "{VARIABLE:"z",WHITESPACE:" "}},WHITESPACE:" ",MULTIPLY:"foo"{PRIMITIVE:"foo"{VARIABLE:"foo"}}}}}}}}}
ROOT:"(z + foo) * (x + y)"{EXPRESSION:"(z + foo) * (x + y)"{SUM:"(z + foo) * (x + y)"{MULTIPLY:"(z + foo) * (x + y)"{PRIMITIVE:"(z + foo) "{EXPRESSION:"z + foo"{SUM:"z + foo"{MULTIPLY:"z "{PRIMITIVE:"z "{VARIABLE:"z",WHITESPACE:" "}},WHITESPACE:" ",MULTIPLY:"foo"{PRIMITIVE:"foo"{VARIABLE:"foo"}}}},WHITESPACE:" "},WHITESPACE:" ",PRIMITIVE:"(x + y)"{EXPRESSION:"x + y"{SUM:"x + y"{MULTIPLY:"x "{PRIMITIVE:"x "{VARIABLE:"x",WHITESPACE:" "}},WHITESPACE:" ",MULTIPLY:"y"{PRIMITIVE:"y"{VARIABLE:"y"}}}}}}}}}
ROOT:"(x + y) * (z + foo)"{EXPRESSION:"(x + y) * (z + foo)"{SUM:"(x + y) * (z + foo)"{MULTIPLY:"(x + y) * (z + foo)"{PRIMITIVE:"(x + y) "{EXPRESSION:"x + y"{SUM:"x + y"{MULTIPLY:"x "{PRIMITIVE:"x "{VARIABLE:"x",WHITESPACE:" "}},WHITESPACE:" ",MULTIPLY:"y"{PRIMITIVE:"y"{VARIABLE:"y"}}}},WHITESPACE:" "},WHITESPACE:" ",PRIMITIVE:"(z + foo)"{EXPRESSION:"z + foo"{SUM:"z + foo"{MULTIPLY:"z "{PRIMITIVE:"z "{VARIABLE:"z",WHITESPACE:" "}},WHITESPACE:" ",MULTIPLY:"foo"{PRIMITIVE:"foo"{VARIABLE:"foo"}}}}}}}}}
ROOT:"(z + foo) * (x + y)"{EXPRESSION:"(z + foo) * (x + y)"{SUM:"(z + foo) * (x + y)"{MULTIPLY:"(z + foo) * (x + y)"{PRIMITIVE:"(z + foo) "{EXPRESSION:"z + foo"{SUM:"z + foo"{MULTIPLY:"z "{PRIMITIVE:"z "{VARIABLE:"z",WHITESPACE:" "}},WHITESPACE:" ",MULTIPLY:"foo"{PRIMITIVE:"foo"{VARIABLE:"foo"}}}},WHITESPACE:" "},WHITESPACE:" ",PRIMITIVE:"(x + y)"{EXPRESSION:"x + y"{SUM:"x + y"{MULTIPLY:"x "{PRIMITIVE:"x "{VARIABLE:"x",WHITESPACE:" "}},WHITESPACE:" ",MULTIPLY:"y"{PRIMITIVE:"y"{VARIABLE:"y"}}}}}}}}}
]]></system-out>
  <system-err><![CDATA[]]></system-err>
</testsuite>
