<?xml version="1.0" encoding="UTF-8" ?>
<testsuite errors="0" failures="0" hostname="Normans-MBP" name="expressivo.ExpressionTest" skipped="0" tests="10" time="0.175" timestamp="2017-03-21T19:16:29">
  <properties>
[...]
</properties>
  <testcase classname="expressivo.ExpressionTest" name="testNewNumberSmallDecimal" time="0.003" />
  <testcase classname="expressivo.ExpressionTest" name="testNewNumberZero" time="0.0" />
  <testcase classname="expressivo.ExpressionTest" name="testParseEquals" time="0.062" />
  <testcase classname="expressivo.ExpressionTest" name="testNewNumberDecimal" time="0.0" />
  <testcase classname="expressivo.ExpressionTest" name="testParseDecimalFractionsIntegerAdd" time="0.016" />
  <testcase classname="expressivo.ExpressionTest" name="testVariousVariableNames" time="0.012" />
  <testcase classname="expressivo.ExpressionTest" name="testAssertionsEnabled" time="0.0" />
  <testcase classname="expressivo.ExpressionTest" name="testNewNumberWholeNumber" time="0.0" />
  <testcase classname="expressivo.ExpressionTest" name="testParseIntegerVeryLarge" time="0.011" />
  <testcase classname="expressivo.ExpressionTest" name="testParseDecimalVerySmall" time="0.01" />
  <system-out><![CDATA[ROOT:"3"{EXPRESSION:"3"{SUM:"3"{MULTIPLY:"3"{PRIMITIVE:"3"{NUMBER:"3"}}}}}
ROOT:"3"{EXPRESSION:"3"{SUM:"3"{MULTIPLY:"3"{PRIMITIVE:"3"{NUMBER:"3"}}}}}
Does expr 1 equal expr 2: true
The Hashcode expr 1: 1074266112
The Hashcode expr 2: 1074266112
ROOT:"(0.10 + 3 + 38.897 + 74) * x"{EXPRESSION:"(0.10 + 3 + 38.897 + 74) * x"{SUM:"(0.10 + 3 + 38.897 + 74) * x"{MULTIPLY:"(0.10 + 3 + 38.897 + 74) * x"{PRIMITIVE:"(0.10 + 3 + 38.897 + 74) "{EXPRESSION:"0.10 + 3 + 38.897 + 74"{SUM:"0.10 + 3 + 38.897 + 74"{MULTIPLY:"0.10 "{PRIMITIVE:"0.10 "{NUMBER:"0.10",WHITESPACE:" "}},WHITESPACE:" ",MULTIPLY:"3 "{PRIMITIVE:"3 "{NUMBER:"3",WHITESPACE:" "}},WHITESPACE:" ",MULTIPLY:"38.897 "{PRIMITIVE:"38.897 "{NUMBER:"38.897",WHITESPACE:" "}},WHITESPACE:" ",MULTIPLY:"74"{PRIMITIVE:"74"{NUMBER:"74"}}}},WHITESPACE:" "},WHITESPACE:" ",PRIMITIVE:"x"{VARIABLE:"x"}}}}}
(((0.1 + 3.0) + 38.897) + 74.0) * x
ROOT:"x * foo * jigglywiggly * HeLlOwOrLd * x"{EXPRESSION:"x * foo * jigglywiggly * HeLlOwOrLd * x"{SUM:"x * foo * jigglywiggly * HeLlOwOrLd * x"{MULTIPLY:"x * foo * jigglywiggly * HeLlOwOrLd * x"{PRIMITIVE:"x "{VARIABLE:"x",WHITESPACE:" "},WHITESPACE:" ",PRIMITIVE:"foo "{VARIABLE:"foo",WHITESPACE:" "},WHITESPACE:" ",PRIMITIVE:"jigglywiggly "{VARIABLE:"jigglywiggly",WHITESPACE:" "},WHITESPACE:" ",PRIMITIVE:"HeLlOwOrLd "{VARIABLE:"HeLlOwOrLd",WHITESPACE:" "},WHITESPACE:" ",PRIMITIVE:"x"{VARIABLE:"x"}}}}}
left expr: 2.0 is Symbolic: false
right expr: foo is Symbolic: true
left expr: 2.0 * foo is Symbolic: true
right expr: jigglywiggly is Symbolic: true
left expr: 2.0 * foo * jigglywiggly is Symbolic: true
right expr: HeLlOwOrLd is Symbolic: true
left expr: 2.0 * foo * jigglywiggly * HeLlOwOrLd is Symbolic: true
right expr: 2.0 is Symbolic: false
The simplified expression is: 2.0 * foo * jigglywiggly * HeLlOwOrLd * 2.0
ROOT:"9007199254740992"{EXPRESSION:"9007199254740992"{SUM:"9007199254740992"{MULTIPLY:"9007199254740992"{PRIMITIVE:"9007199254740992"{NUMBER:"9007199254740992"}}}}}
9007199254740992
ROOT:"0.000001"{EXPRESSION:"0.000001"{SUM:"0.000001"{MULTIPLY:"0.000001"{PRIMITIVE:"0.000001"{NUMBER:"0.000001"}}}}}
0.0000010
]]></system-out>
  <system-err><![CDATA[]]></system-err>
</testsuite>
